mic03.buaa.edu.cn
The DataSize is : 60
This is node 0 
On node 0 the input data is:
1804289383 : 846930886 : 1681692777 : 1714636915 : 1957747793 : 424238335 : This is node 1 
On node 1 the input data is:
1804289383 : 846930886 : 1681692777 : 1714636915 : 1957747793 : 424238335 : 
This is node 2 
On node 2 the input data is:
1505335290 : 1738766719 : 190686788 : 260874575 : 747983061 : 906156498 : 
This is node 3 
On node 3 the input data is:
1205554746 : 483147985 : 844158168 : 953350440 : 612121425 : 310914940 : 
This is node 4 
On node 4 the input data is:
1968078301 : 287724083 : 410622274 : 558519326 : 460165363 : 773440537 : 
This is node 5 
On node 5 the input data is:
590011675 : 99788765 : 2131925610 : 171864072 : 317159276 : 171035632 : 
This is node 6 
On node 6 the input data is:
290852541 : 2066988985 : 1717401112 : 865455665 : 182811308 : 1730087285 : 
This is node 7 
On node 7 the input data is:
1045618677 : 1863967299 : 1272579899 : 461085871 : 21961325 : 1105564443 : 
This is node 8 
On node 8 the input data is:
757547896 : 1695630744 : 1945246242 : 94247549 : 2049268311 : 533158093 : 
This is node 9 
On node 9 the input data is:
444454915 : 1502197874 : 436864165 : 770686807 : 1899516530 : 994794653 : 

On node 0 the sorted data is : 


On node 1 the sorted data is : 

On node 2 the sorted data is : 

On node 3 the sorted data is : 

On node 4 the sorted data is : 

On node 5 the sorted data is : 

On node 6 the sorted data is : 

On node 7 the sorted data is : 

On node 8 the sorted data is : 

On node 9 the sorted data is : 
21961325 : 94247549 : 99788765 : 171035632 : 171864072 : 182811308 : 190686788 : 260874575 : 287724083 : 290852541 : 310914940 : 317159276 : 410622274 : 424238335 : 424238335 : 436864165 : 444454915 : 460165363 : 461085871 : 483147985 : 533158093 : 558519326 : 590011675 : 612121425 : 747983061 : 757547896 : 770686807 : 773440537 : 844158168 : 846930886 : 846930886 : 865455665 : 906156498 : 953350440 : 994794653 : 1045618677 : 1105564443 : 1205554746 : 1272579899 : 1502197874 : 1505335290 : 1681692777 : 1681692777 : 1695630744 : 1714636915 : 1714636915 : 1717401112 : 1730087285 : 1738766719 : 1804289383 : 1804289383 : 1863967299 : 1899516530 : 1945246242 : 1957747793 : 1957747793 : 1968078301 : 2049268311 : 2066988985 : 2131925610 : 
