mic03.buaa.edu.cn
The DataSize is : 200
This is node 0 
On node 0 the input data is:
1804289383 : 846930886 : 1681692777 : 1714636915 : 1957747793 : 424238335 : 719885386 : 1649760492 : 596516649 : 1189641421 : 1025202362 : 1350490027 : 783368690 : 1102520059 : 2044897763 : 1967513926 : 1365180540 : 1540383426 : 304089172 : 1303455736 : This is node 1 
On node 1 the input data is:
1804289383 : 846930886 : 1681692777 : 1714636915 : 1957747793 : 424238335 : 719885386 : 1649760492 : 596516649 : 1189641421 : 1025202362 : 1350490027 : 783368690 : 1102520059 : 2044897763 : 1967513926 : 1365180540 : 1540383426 : 304089172 : 1303455736 : 
This is node 2 
On node 2 the input data is:
1505335290 : 1738766719 : 190686788 : 260874575 : 747983061 : 906156498 : 1502820864 : 142559277 : 1261608745 : 1380759627 : 2127304342 : 635050179 : 582691149 : 149585093 : 2039335037 : 820715049 : 693014654 : 2122498773 : 1809302367 : 591232730 : 
This is node 3 
On node 3 the input data is:
1205554746 : 483147985 : 844158168 : 953350440 : 612121425 : 310914940 : 1210224072 : 1856883376 : 1922860801 : 495649264 : 8614858 : 989089924 : 378651393 : 1344681739 : 2029100602 : 1816952841 : 21468264 : 552076975 : 87517201 : 953369895 : 
This is node 4 
On node 4 the input data is:
1968078301 : 287724083 : 410622274 : 558519326 : 460165363 : 773440537 : 901520025 : 1404622363 : 417397028 : 665131385 : 1088500544 : 246243954 : 1225558714 : 1439197964 : 1991031403 : 638538414 : 1465622902 : 21944941 : 1554535401 : 204144149 : 
This is node 5 
On node 5 the input data is:
590011675 : 99788765 : 2131925610 : 171864072 : 317159276 : 171035632 : 602511920 : 963050649 : 1069979073 : 1919854381 : 33661026 : 589806848 : 2086105860 : 475191198 : 894416410 : 550050020 : 780437020 : 583787226 : 893281828 : 550277486 : 
This is node 6 
On node 6 the input data is:
290852541 : 2066988985 : 1717401112 : 865455665 : 182811308 : 1730087285 : 1385463286 : 531287043 : 665477002 : 2111229778 : 1137441935 : 2026865323 : 1886053605 : 1671359093 : 894851842 : 478150616 : 1183526400 : 99262092 : 1326652023 : 913157944 : 
This is node 7 
On node 7 the input data is:
1045618677 : 1863967299 : 1272579899 : 461085871 : 21961325 : 1105564443 : 2138782586 : 68574097 : 1291851600 : 118852153 : 1131251315 : 191929321 : 1641615331 : 1751255526 : 1909053865 : 351969720 : 462792178 : 1691535746 : 1693715570 : 143120736 : 
This is node 8 
On node 8 the input data is:
757547896 : 1695630744 : 1945246242 : 94247549 : 2049268311 : 533158093 : 1863977182 : 1801112021 : 1980174777 : 1403165313 : 1181261047 : 577956981 : 1464612196 : 823671047 : 1936502655 : 1381480694 : 1967846100 : 1239125398 : 12803265 : 1613336597 : 
This is node 9 
On node 9 the input data is:
444454915 : 1502197874 : 436864165 : 770686807 : 1899516530 : 994794653 : 1552099820 : 1351221478 : 1547895242 : 1568662052 : 116124856 : 1982508163 : 159126658 : 1994372689 : 1898982037 : 197124815 : 193049009 : 710365140 : 1472749246 : 1939754299 : 

On node 0 the sorted data is : 
8614858 : 21468264 : 21944941 : 33661026 : 87517201 : 99788765 : 142559277 : 149585093 : 171035632 : 171864072 : 12803265 : 21961325 : 68574097 : 94247549 : 99262092 : 116124856 : 118852153 : 143120736 : On node 1 the sorted data is : 
190686788 : 191929321 : 193049009 : 197124815 : 204144149 : 246243954 : 260874575 : 287724083 : 290852541 : 304089172 : 304089172 : 310914940 : 317159276 : 351969720 : 378651393 : 410622274 : 417397028 : 424238335 : 424238335 : 
On node 2 the sorted data is : 
460165363 : 475191198 : 478150616 : 483147985 : 495649264 : 531287043 : 550050020 : 550277486 : 552076975 : 558519326 : 436864165 : 444454915 : 461085871 : 462792178 : 533158093 : 577956981 : 
On node 3 the sorted data is : 
582691149 : 583787226 : 589806848 : 590011675 : 591232730 : 596516649 : 596516649 : 602511920 : 612121425 : 635050179 : 638538414 : 665131385 : 665477002 : 693014654 : 710365140 : 719885386 : 719885386 : 747983061 : 757547896 : 770686807 : 
On node 4 the sorted data is : 
783368690 : 783368690 : 820715049 : 844158168 : 846930886 : 846930886 : 906156498 : 953350440 : 953369895 : 773440537 : 780437020 : 823671047 : 865455665 : 893281828 : 894416410 : 894851842 : 901520025 : 913157944 : 
On node 5 the sorted data is : 
963050649 : 989089924 : 994794653 : 1025202362 : 1025202362 : 1045618677 : 1069979073 : 1088500544 : 1102520059 : 1102520059 : 1105564443 : 1131251315 : 1137441935 : 1181261047 : 1183526400 : 1189641421 : 1189641421 : 1205554746 : 1210224072 : 1225558714 : 1239125398 : 1261608745 : 
On node 6 the sorted data is : 
1303455736 : 1303455736 : 1344681739 : 1350490027 : 1350490027 : 1365180540 : 1365180540 : 1380759627 : 1272579899 : 1291851600 : 1326652023 : 1351221478 : 1381480694 : 1385463286 : 1403165313 : 
On node 7 the sorted data is : 
1404622363 : 1439197964 : 1465622902 : 1502820864 : 1505335290 : 1540383426 : 1540383426 : 1554535401 : 1649760492 : 1649760492 : 1464612196 : 1472749246 : 1502197874 : 1547895242 : 1552099820 : 1568662052 : 1613336597 : 1641615331 : 
On node 8 the sorted data is : 
1681692777 : 1681692777 : 1714636915 : 1714636915 : 1738766719 : 1804289383 : 1804289383 : 1809302367 : 1816952841 : 1856883376 : 1671359093 : 1691535746 : 1693715570 : 1695630744 : 1717401112 : 1730087285 : 1751255526 : 1801112021 : 1863967299 : 
On node 9 the sorted data is : 
1863977182 : 1886053605 : 1898982037 : 1899516530 : 1909053865 : 1919854381 : 1922860801 : 1936502655 : 1939754299 : 1945246242 : 1957747793 : 1957747793 : 1967513926 : 1967513926 : 1967846100 : 1968078301 : 1980174777 : 1982508163 : 1991031403 : 1994372689 : 2026865323 : 2029100602 : 2039335037 : 2044897763 : 2044897763 : 2049268311 : 2066988985 : 2086105860 : 2111229778 : 2122498773 : 2127304342 : 2131925610 : 2138782586 : 
159126658 : 182811308 : 

